
> todo@0.1.0 start /mnt/home.stud/veresond/facial-time-lapse-video/frontend
> npm run build:css && node server


> todo@0.1.0 build:css /mnt/home.stud/veresond/facial-time-lapse-video/frontend
> postcss ./client/src/tailwind.css -o ./client/src/style.css

NODE_ENV=undefined
node server running on 3000
static assets directory located at /mnt/home.stud/veresond/facial-time-lapse-video/frontend/client/dist
<i> [webpack-dev-middleware] wait until bundle finished: /__webpack_hmr
webpack built 7b06b739a580709510b3 in 5244ms
Hash: [1m7b06b739a580709510b3[39m[22m
Version: webpack [1m4.46.0[39m[22m
Time: [1m5244[39m[22mms
Built at: 04/11/2022 [1m2:19:42 PM[39m[22m
              [1mAsset[39m[22m       [1mSize[39m[22m  [1mChunks[39m[22m  [1m[39m[22m                 [1m[39m[22m[1mChunk Names[39m[22m
    [1m[32mindex-bundle.js[39m[22m   3.02 MiB   [1mindex[39m[22m  [1m[32m[emitted][39m[22m        index
[1m[32mindex-bundle.js.map[39m[22m   3.18 MiB   [1mindex[39m[22m  [1m[32m[emitted] [dev][39m[22m  index
         [1m[32mindex.html[39m[22m  479 bytes        [1m[39m[22m  [1m[32m[emitted][39m[22m        
Entrypoint [1mindex[39m[22m = [1m[32mindex-bundle.js[39m[22m [1m[32mindex-bundle.js.map[39m[22m
[0] [1mmulti @babel/polyfill webpack-hot-middleware/client?reload=true ./client/src/index.js[39m[22m 52 bytes {[1m[33mindex[39m[22m}[1m[32m [built][39m[22m
[[1m./client/src/components/app.css[39m[22m] 1.33 KiB {[1m[33mindex[39m[22m}[1m[32m [built][39m[22m
[[1m./client/src/components/app.js[39m[22m] 8.17 KiB {[1m[33mindex[39m[22m}[1m[32m [built][39m[22m
[[1m./client/src/index.js[39m[22m] 355 bytes {[1m[33mindex[39m[22m}[1m[32m [built][39m[22m
[[1m./client/src/style.css[39m[22m] 1.33 KiB {[1m[33mindex[39m[22m}[1m[32m [built][39m[22m
[[1m./node_modules/@babel/polyfill/lib/index.js[39m[22m] 686 bytes {[1m[33mindex[39m[22m}[1m[32m [built][39m[22m
[[1m./node_modules/@babel/polyfill/lib/noConflict.js[39m[22m] 567 bytes {[1m[33mindex[39m[22m}[1m[32m [built][39m[22m
[[1m./node_modules/bootstrap/dist/css/bootstrap.css[39m[22m] 1.3 KiB {[1m[33mindex[39m[22m}[1m[32m [built][39m[22m
[[1m./node_modules/core-js/library/fn/global.js[39m[22m] 87 bytes {[1m[33mindex[39m[22m}[1m[32m [built][39m[22m
[[1m./node_modules/querystring-es3/index.js[39m[22m] 127 bytes {[1m[33mindex[39m[22m}[1m[32m [built][39m[22m
[[1m./node_modules/react-dom/index.js[39m[22m] 1.33 KiB {[1m[33mindex[39m[22m}[1m[32m [built][39m[22m
[[1m./node_modules/react/index.js[39m[22m] 190 bytes {[1m[33mindex[39m[22m}[1m[32m [built][39m[22m
[[1m./node_modules/react/jsx-runtime.js[39m[22m] 214 bytes {[1m[33mindex[39m[22m}[1m[32m [built][39m[22m
[./node_modules/webpack-hot-middleware/client-overlay.js] [1m(webpack)-hot-middleware/client-overlay.js[39m[22m 2.14 KiB {[1m[33mindex[39m[22m}[1m[32m [built][39m[22m
[./node_modules/webpack-hot-middleware/client.js?reload=true] [1m(webpack)-hot-middleware/client.js?reload=true[39m[22m 7.69 KiB {[1m[33mindex[39m[22m}[1m[32m [built][39m[22m
    + 605 hidden modules
Child [1mHtmlWebpackCompiler[39m[22m:
                          [1mAsset[39m[22m      [1mSize[39m[22m               [1mChunks[39m[22m  [1m[39m[22m[1m[39m[22m[1mChunk Names[39m[22m
    [1m[32m__child-HtmlWebpackPlugin_0[39m[22m  4.72 KiB  [1mHtmlWebpackPlugin_0[39m[22m  [1m[32m[39m[22mHtmlWebpackPlugin_0
    Entrypoint [1mHtmlWebpackPlugin_0[39m[22m = [1m[32m__child-HtmlWebpackPlugin_0[39m[22m
    [[1m./node_modules/html-webpack-plugin/lib/loader.js!./client/src/index.html[39m[22m] 715 bytes {[1m[33mHtmlWebpackPlugin_0[39m[22m}[1m[32m [built][39m[22m

> todo@0.1.0 start /mnt/home.stud/veresond/facial-time-lapse-video/frontend
> npm run build:css && node server


> todo@0.1.0 build:css /mnt/home.stud/veresond/facial-time-lapse-video/frontend
> postcss ./client/src/tailwind.css -o ./client/src/style.css

NODE_ENV=undefined
node server running on 3000
static assets directory located at /mnt/home.stud/veresond/facial-time-lapse-video/frontend/client/dist
<i> [webpack-dev-middleware] wait until bundle finished: /
